<?xml version="1.0" encoding="UTF-8"?>
<!-- Generated by org.testng.reporters.JUnitXMLReporter -->
<testsuite hostname="DESKTOP-SOF7DK7" ignored="0" name="Surefire test" tests="7" failures="0" timestamp="02 Sep 2020 14:29:36 GMT" time="0.039" errors="0">
  <testcase name="a" time="0.001" classname="selenium_Grid.QTest"/>
  <testcase name="a" time="0.0" classname="selenium_Grid.QTest"/>
  <testcase name="b" time="0.0" classname="selenium_Grid.QTest"/>
  <testcase name="p" time="0.0" classname="selenium_Grid.QTest"/>
  <testcase name="s" time="0.001" classname="selenium_Grid.QTest"/>
  <testcase name="s" time="0.0" classname="selenium_Grid.QTest"/>
  <testcase name="s" time="0.0" classname="selenium_Grid.QTest"/>
</testsuite> <!-- Surefire test -->
