<?xml version="1.0" encoding="UTF-8"?>
<testng-results skipped="0" failed="0" ignored="0" total="7" passed="7">
  <reporter-output>
  </reporter-output>
  <suite name="Surefire suite" duration-ms="39" started-at="2020-09-02T14:29:36Z" finished-at="2020-09-02T14:29:36Z">
    <groups>
    </groups>
    <test name="Surefire test" duration-ms="39" started-at="2020-09-02T14:29:36Z" finished-at="2020-09-02T14:29:36Z">
      <class name="selenium_Grid.QTest">
        <test-method status="PASS" signature="beforeMethod()[pri:0, instance:selenium_Grid.QTest@57829d67]" name="beforeMethod" is-config="true" duration-ms="8" started-at="2020-09-02T14:29:36Z" finished-at="2020-09-02T14:29:36Z">
          <reporter-output>
          </reporter-output>
        </test-method> <!-- beforeMethod -->
        <test-method status="PASS" signature="a()[pri:0, instance:selenium_Grid.QTest@57829d67]" name="a" duration-ms="1" started-at="2020-09-02T14:29:36Z" finished-at="2020-09-02T14:29:36Z">
          <reporter-output>
          </reporter-output>
        </test-method> <!-- a -->
        <test-method status="PASS" signature="beforeMethod()[pri:0, instance:selenium_Grid.QTest@57829d67]" name="beforeMethod" is-config="true" duration-ms="1" started-at="2020-09-02T14:29:36Z" finished-at="2020-09-02T14:29:36Z">
          <reporter-output>
          </reporter-output>
        </test-method> <!-- beforeMethod -->
        <test-method status="PASS" signature="a()[pri:0, instance:selenium_Grid.QTest@57829d67]" name="a" duration-ms="0" started-at="2020-09-02T14:29:36Z" finished-at="2020-09-02T14:29:36Z">
          <reporter-output>
          </reporter-output>
        </test-method> <!-- a -->
        <test-method status="PASS" signature="beforeMethod()[pri:0, instance:selenium_Grid.QTest@57829d67]" name="beforeMethod" is-config="true" duration-ms="0" started-at="2020-09-02T14:29:36Z" finished-at="2020-09-02T14:29:36Z">
          <reporter-output>
          </reporter-output>
        </test-method> <!-- beforeMethod -->
        <test-method status="PASS" signature="b()[pri:0, instance:selenium_Grid.QTest@57829d67]" name="b" duration-ms="0" started-at="2020-09-02T14:29:36Z" finished-at="2020-09-02T14:29:36Z">
          <reporter-output>
          </reporter-output>
        </test-method> <!-- b -->
        <test-method status="PASS" signature="p()[pri:0, instance:selenium_Grid.QTest@57829d67]" name="p" duration-ms="0" started-at="2020-09-02T14:29:36Z" finished-at="2020-09-02T14:29:36Z">
          <reporter-output>
          </reporter-output>
        </test-method> <!-- p -->
        <test-method status="PASS" signature="beforeMethod()[pri:0, instance:selenium_Grid.QTest@57829d67]" name="beforeMethod" is-config="true" duration-ms="0" started-at="2020-09-02T14:29:36Z" finished-at="2020-09-02T14:29:36Z">
          <reporter-output>
          </reporter-output>
        </test-method> <!-- beforeMethod -->
        <test-method status="PASS" signature="beforeMethod()[pri:0, instance:selenium_Grid.QTest@57829d67]" name="beforeMethod" is-config="true" duration-ms="0" started-at="2020-09-02T14:29:36Z" finished-at="2020-09-02T14:29:36Z">
          <reporter-output>
          </reporter-output>
        </test-method> <!-- beforeMethod -->
        <test-method status="PASS" signature="s()[pri:0, instance:selenium_Grid.QTest@57829d67]" name="s" duration-ms="1" started-at="2020-09-02T14:29:36Z" finished-at="2020-09-02T14:29:36Z">
          <reporter-output>
          </reporter-output>
        </test-method> <!-- s -->
        <test-method status="PASS" signature="beforeMethod()[pri:0, instance:selenium_Grid.QTest@57829d67]" name="beforeMethod" is-config="true" duration-ms="1" started-at="2020-09-02T14:29:36Z" finished-at="2020-09-02T14:29:36Z">
          <reporter-output>
          </reporter-output>
        </test-method> <!-- beforeMethod -->
        <test-method status="PASS" signature="s()[pri:0, instance:selenium_Grid.QTest@57829d67]" name="s" duration-ms="0" started-at="2020-09-02T14:29:36Z" finished-at="2020-09-02T14:29:36Z">
          <reporter-output>
          </reporter-output>
        </test-method> <!-- s -->
        <test-method status="PASS" signature="beforeMethod()[pri:0, instance:selenium_Grid.QTest@57829d67]" name="beforeMethod" is-config="true" duration-ms="1" started-at="2020-09-02T14:29:36Z" finished-at="2020-09-02T14:29:36Z">
          <reporter-output>
          </reporter-output>
        </test-method> <!-- beforeMethod -->
        <test-method status="PASS" signature="s()[pri:0, instance:selenium_Grid.QTest@57829d67]" name="s" duration-ms="0" started-at="2020-09-02T14:29:36Z" finished-at="2020-09-02T14:29:36Z">
          <reporter-output>
          </reporter-output>
        </test-method> <!-- s -->
      </class> <!-- selenium_Grid.QTest -->
    </test> <!-- Surefire test -->
  </suite> <!-- Surefire suite -->
</testng-results>
